app/build/intermediates/manifest_merge_blame_file/debug/processDebugMainManifest/manifest-merger-blame-debug-report.txt
1<?xml version="1.0" encoding="utf-8"?>
2<!-- app/src/main/AndroidManifest.xml -->
3<manifest xmlns:android="http://schemas.android.com/apk/res/android"
4    package="com.moodly.app"
5    android:versionCode="1"
6    android:versionName="1.0" >
7
8    <uses-sdk
9        android:minSdkVersion="26"
10        android:targetSdkVersion="35" />
11
12    <permission
12-->[androidx.core:core:1.13.1] AndroidManifest.xml:22:5-24:47
13        android:name="com.moodly.app.DYNAMIC_RECEIVER_NOT_EXPORTED_PERMISSION"
13-->[androidx.core:core:1.13.1] AndroidManifest.xml:23:9-81
14        android:protectionLevel="signature" />
14-->[androidx.core:core:1.13.1] AndroidManifest.xml:24:9-44
15
16    <uses-permission android:name="com.moodly.app.DYNAMIC_RECEIVER_NOT_EXPORTED_PERMISSION" />
16-->[androidx.core:core:1.13.1] AndroidManifest.xml:26:5-97
16-->[androidx.core:core:1.13.1] AndroidManifest.xml:26:22-94
17
18    <application
18-->src\main\AndroidManifest.xml:5:5-21:19
19        android:allowBackup="true"
19-->src\main\AndroidManifest.xml:6:9-35
20        android:appComponentFactory="androidx.core.app.CoreComponentFactory"
20-->[androidx.core:core:1.13.1] AndroidManifest.xml:28:18-86
21        android:debuggable="true"
22        android:extractNativeLibs="false"
23        android:label="Moodly"
23-->src\main\AndroidManifest.xml:7:9-31
24        android:supportsRtl="true"
24-->src\main\AndroidManifest.xml:8:9-35
25        android:testOnly="true"
26        android:theme="@style/Theme.Moodly" >
26-->src\main\AndroidManifest.xml:9:9-44
27        <activity
27-->src\main\AndroidManifest.xml:11:9-19:20
28            android:name="com.moodly.app.MainActivity"
28-->src\main\AndroidManifest.xml:12:13-41
29            android:exported="true"
29-->src\main\AndroidManifest.xml:13:13-36
30            android:windowSoftInputMode="adjustResize" >
30-->src\main\AndroidManifest.xml:14:13-55
31            <intent-filter>
31-->src\main\AndroidManifest.xml:15:13-18:29
32                <action android:name="android.intent.action.MAIN" />
32-->src\main\AndroidManifest.xml:16:17-69
32-->src\main\AndroidManifest.xml:16:25-66
33
34                <category android:name="android.intent.category.LAUNCHER" />
34-->src\main\AndroidManifest.xml:17:17-77
34-->src\main\AndroidManifest.xml:17:27-74
35            </intent-filter>
36        </activity>
37
38        <provider
38-->[androidx.emoji2:emoji2:1.3.0] AndroidManifest.xml:24:9-32:20
39            android:name="androidx.startup.InitializationProvider"
39-->[androidx.emoji2:emoji2:1.3.0] AndroidManifest.xml:25:13-67
40            android:authorities="com.moodly.app.androidx-startup"
40-->[androidx.emoji2:emoji2:1.3.0] AndroidManifest.xml:26:13-68
41            android:exported="false" >
41-->[androidx.emoji2:emoji2:1.3.0] AndroidManifest.xml:27:13-37
42            <meta-data
42-->[androidx.emoji2:emoji2:1.3.0] AndroidManifest.xml:29:13-31:52
43                android:name="androidx.emoji2.text.EmojiCompatInitializer"
43-->[androidx.emoji2:emoji2:1.3.0] AndroidManifest.xml:30:17-75
44                android:value="androidx.startup" />
44-->[androidx.emoji2:emoji2:1.3.0] AndroidManifest.xml:31:17-49
45            <meta-data
45-->[androidx.lifecycle:lifecycle-process:2.8.2] AndroidManifest.xml:29:13-31:52
46                android:name="androidx.lifecycle.ProcessLifecycleInitializer"
46-->[androidx.lifecycle:lifecycle-process:2.8.2] AndroidManifest.xml:30:17-78
47                android:value="androidx.startup" />
47-->[androidx.lifecycle:lifecycle-process:2.8.2] AndroidManifest.xml:31:17-49
48            <meta-data
48-->[androidx.profileinstaller:profileinstaller:1.3.1] AndroidManifest.xml:29:13-31:52
49                android:name="androidx.profileinstaller.ProfileInstallerInitializer"
49-->[androidx.profileinstaller:profileinstaller:1.3.1] AndroidManifest.xml:30:17-85
50                android:value="androidx.startup" />
50-->[androidx.profileinstaller:profileinstaller:1.3.1] AndroidManifest.xml:31:17-49
51        </provider>
52
53        <activity
53-->[androidx.compose.ui:ui-tooling-android:1.6.8] AndroidManifest.xml:23:9-25:39
54            android:name="androidx.compose.ui.tooling.PreviewActivity"
54-->[androidx.compose.ui:ui-tooling-android:1.6.8] AndroidManifest.xml:24:13-71
55            android:exported="true" />
55-->[androidx.compose.ui:ui-tooling-android:1.6.8] AndroidManifest.xml:25:13-36
56
57        <service
57-->[androidx.room:room-runtime:2.6.1] AndroidManifest.xml:24:9-28:63
58            android:name="androidx.room.MultiInstanceInvalidationService"
58-->[androidx.room:room-runtime:2.6.1] AndroidManifest.xml:25:13-74
59            android:directBootAware="true"
59-->[androidx.room:room-runtime:2.6.1] AndroidManifest.xml:26:13-43
60            android:exported="false" />
60-->[androidx.room:room-runtime:2.6.1] AndroidManifest.xml:27:13-37
61
62        <receiver
62-->[androidx.profileinstaller:profileinstaller:1.3.1] AndroidManifest.xml:34:9-52:20
63            android:name="androidx.profileinstaller.ProfileInstallReceiver"
63-->[androidx.profileinstaller:profileinstaller:1.3.1] AndroidManifest.xml:35:13-76
64            android:directBootAware="false"
64-->[androidx.profileinstaller:profileinstaller:1.3.1] AndroidManifest.xml:36:13-44
65            android:enabled="true"
65-->[androidx.profileinstaller:profileinstaller:1.3.1] AndroidManifest.xml:37:13-35
66            android:exported="true"
66-->[androidx.profileinstaller:profileinstaller:1.3.1] AndroidManifest.xml:38:13-36
67            android:permission="android.permission.DUMP" >
67-->[androidx.profileinstaller:profileinstaller:1.3.1] AndroidManifest.xml:39:13-57
68            <intent-filter>
68-->[androidx.profileinstaller:profileinstaller:1.3.1] AndroidManifest.xml:40:13-42:29
69                <action android:name="androidx.profileinstaller.action.INSTALL_PROFILE" />
69-->[androidx.profileinstaller:profileinstaller:1.3.1] AndroidManifest.xml:41:17-91
69-->[androidx.profileinstaller:profileinstaller:1.3.1] AndroidManifest.xml:41:25-88
70            </intent-filter>
71            <intent-filter>
71-->[androidx.profileinstaller:profileinstaller:1.3.1] AndroidManifest.xml:43:13-45:29
72                <action android:name="androidx.profileinstaller.action.SKIP_FILE" />
72-->[androidx.profileinstaller:profileinstaller:1.3.1] AndroidManifest.xml:44:17-85
72-->[androidx.profileinstaller:profileinstaller:1.3.1] AndroidManifest.xml:44:25-82
73            </intent-filter>
74            <intent-filter>
74-->[androidx.profileinstaller:profileinstaller:1.3.1] AndroidManifest.xml:46:13-48:29
75                <action android:name="androidx.profileinstaller.action.SAVE_PROFILE" />
75-->[androidx.profileinstaller:profileinstaller:1.3.1] AndroidManifest.xml:47:17-88
75-->[androidx.profileinstaller:profileinstaller:1.3.1] AndroidManifest.xml:47:25-85
76            </intent-filter>
77            <intent-filter>
77-->[androidx.profileinstaller:profileinstaller:1.3.1] AndroidManifest.xml:49:13-51:29
78                <action android:name="androidx.profileinstaller.action.BENCHMARK_OPERATION" />
78-->[androidx.profileinstaller:profileinstaller:1.3.1] AndroidManifest.xml:50:17-95
78-->[androidx.profileinstaller:profileinstaller:1.3.1] AndroidManifest.xml:50:25-92
79            </intent-filter>
80        </receiver>
81    </application>
82
83</manifest>